<?xml version="1.0" encoding="UTF-8"?>
<!-- Generated by org.testng.reporters.JUnitReportReporter -->
<testsuite skipped="0" hostname="BhavyaSri" name="testcases.VerifyLoginPagewithReports" tests="1" failures="0" timestamp="25 Oct 2017 16:10:43 GMT" time="26.485" errors="0">
  <testcase name="testHomePage" time="26.485" classname="testcases.VerifyLoginPagewithReports"/>
</testsuite> <!-- testcases.VerifyLoginPagewithReports -->
