<?xml version="1.0" encoding="UTF-8"?>
<!-- Generated by org.testng.reporters.JUnitReportReporter -->
<testsuite skipped="0" hostname="BhavyaSri" name="testcases.VerifyLoginPage" tests="1" failures="0" timestamp="25 Oct 2017 22:53:34 GMT" time="23.152" errors="0">
  <testcase name="testHomePage" time="23.152" classname="testcases.VerifyLoginPage"/>
</testsuite> <!-- testcases.VerifyLoginPage -->
