<?xml version="1.0" encoding="UTF-8"?>
<!-- Generated by org.testng.reporters.JUnitReportReporter -->
<testsuite skipped="0" hostname="BhavyaSri" name="testcases.testlogin" tests="1" failures="0" timestamp="23 Oct 2017 08:32:35 GMT" time="30.926" errors="0">
  <testcase name="logintest" time="30.926" classname="testcases.testlogin"/>
</testsuite> <!-- testcases.testlogin -->
