<?xml version="1.0" encoding="UTF-8"?>
<!-- Generated by org.testng.reporters.JUnitReportReporter -->
<testsuite skipped="0" hostname="BhavyaSri" name="testcases.VerifyHomePage" tests="1" failures="0" timestamp="25 Oct 2017 22:53:34 GMT" time="17.156" errors="0">
  <testcase name="testHomePage" time="17.156" classname="testcases.VerifyHomePage"/>
</testsuite> <!-- testcases.VerifyHomePage -->
