<?xml version="1.0" encoding="UTF-8"?>
<!-- Generated by org.testng.reporters.JUnitReportReporter -->
<testsuite skipped="0" hostname="BhavyaSri" name="testcases.VerifyLoginPage" tests="1" failures="0" timestamp="25 Oct 2017 23:03:52 GMT" time="18.368" errors="0">
  <testcase name="testHomePage" time="18.368" classname="testcases.VerifyLoginPage"/>
</testsuite> <!-- testcases.VerifyLoginPage -->
